{"level":"info","message":"the API : https://api.takgeneral.com/all-categories/ is called Time : ۱۴۰۳/۲/۲۴ / ۲۲:۴۶:۵۱"}
{"level":"info","message":" the page layout is called called Time : ۱۴۰۳/۲/۲۴ / ۲۲:۴۶:۵۲"}
{"level":"info","message":"the API : https://api.takgeneral.com/product-detail/2/ is called Time : ۱۴۰۳/۲/۲۴ / ۲۲:۴۶:۵۹"}
{"level":"info","message":"the API : https://api.takgeneral.com/all-categories/ is called Time : ۱۴۰۳/۲/۲۴ / ۲۲:۴۶:۵۹"}
{"level":"info","message":"the API : https://api.takgeneral.com/product-detail/2/ is called Time : ۱۴۰۳/۲/۲۴ / ۲۲:۴۶:۵۹"}
{"level":"info","message":" the page product 2 is called called Time : ۱۴۰۳/۲/۲۴ / ۲۲:۴۷:۰۰"}
{"level":"info","message":" the page layout is called called Time : ۱۴۰۳/۲/۲۴ / ۲۲:۴۷:۰۰"}
{"level":"info","message":"the API : https://api.takgeneral.com/product-detail/2/ is called Time : ۱۴۰۳/۲/۲۴ / ۲۲:۴۷:۲۴"}
{"level":"info","message":"the API : https://api.takgeneral.com/all-categories/ is called Time : ۱۴۰۳/۲/۲۴ / ۲۲:۴۷:۲۴"}
{"level":"info","message":"the API : https://api.takgeneral.com/product-detail/2/ is called Time : ۱۴۰۳/۲/۲۴ / ۲۲:۴۷:۲۴"}
{"level":"info","message":" the page product 2 is called called Time : ۱۴۰۳/۲/۲۴ / ۲۲:۴۷:۲۴"}
{"level":"info","message":" the page layout is called called Time : ۱۴۰۳/۲/۲۴ / ۲۲:۴۷:۲۴"}
{"level":"info","message":"the API : https://api.takgeneral.com/product-detail/2/ is called Time : ۱۴۰۳/۲/۲۴ / ۲۲:۵۸:۲۶"}
{"level":"info","message":"the API : https://api.takgeneral.com/all-categories/ is called Time : ۱۴۰۳/۲/۲۴ / ۲۲:۵۸:۲۶"}
{"level":"info","message":"the API : https://api.takgeneral.com/product-detail/2/ is called Time : ۱۴۰۳/۲/۲۴ / ۲۲:۵۸:۲۶"}
{"level":"info","message":" the page product 2 is called called Time : ۱۴۰۳/۲/۲۴ / ۲۲:۵۸:۲۷"}
{"level":"info","message":"the API : https://api.takgeneral.com/product-detail/2/ is called Time : ۱۴۰۳/۲/۲۴ / ۲۲:۵۸:۲۷"}
{"level":"info","message":"the API : https://api.takgeneral.com/all-categories/ is called Time : ۱۴۰۳/۲/۲۴ / ۲۲:۵۸:۲۷"}
{"level":"info","message":"the API : https://api.takgeneral.com/product-detail/2/ is called Time : ۱۴۰۳/۲/۲۴ / ۲۲:۵۸:۲۷"}
{"level":"info","message":" the page layout is called called Time : ۱۴۰۳/۲/۲۴ / ۲۲:۵۸:۲۷"}
{"level":"info","message":"the API : https://api.takgeneral.com/product-detail/2/ is called Time : ۱۴۰۳/۲/۲۴ / ۲۲:۵۸:۲۷"}
{"level":"info","message":" the page product 2 is called called Time : ۱۴۰۳/۲/۲۴ / ۲۲:۵۸:۲۷"}
{"level":"info","message":" the page layout is called called Time : ۱۴۰۳/۲/۲۴ / ۲۲:۵۸:۲۷"}
{"level":"info","message":"the API : https://api.takgeneral.com/product-detail/2/ is called Time : ۱۴۰۳/۲/۲۴ / ۲۲:۵۸:۲۸"}
{"level":"info","message":"the API : https://api.takgeneral.com/product-detail/2/ is called Time : ۱۴۰۳/۲/۲۴ / ۲۲:۵۸:۴۰"}
{"level":"info","message":"the API : https://api.takgeneral.com/all-categories/ is called Time : ۱۴۰۳/۲/۲۴ / ۲۲:۵۸:۴۰"}
{"level":"info","message":"the API : https://api.takgeneral.com/product-detail/2/ is called Time : ۱۴۰۳/۲/۲۴ / ۲۲:۵۸:۴۰"}
{"level":"info","message":"the API : https://api.takgeneral.com/product-detail/2/ is called Time : ۱۴۰۳/۲/۲۴ / ۲۲:۵۸:۴۰"}
{"level":"info","message":"the API : https://api.takgeneral.com/all-categories/ is called Time : ۱۴۰۳/۲/۲۴ / ۲۲:۵۸:۴۰"}
{"level":"info","message":"the API : https://api.takgeneral.com/product-detail/2/ is called Time : ۱۴۰۳/۲/۲۴ / ۲۲:۵۸:۴۰"}
{"level":"info","message":" the page product 2 is called called Time : ۱۴۰۳/۲/۲۴ / ۲۲:۵۸:۴۰"}
{"level":"info","message":" the page layout is called called Time : ۱۴۰۳/۲/۲۴ / ۲۲:۵۸:۴۰"}
{"level":"info","message":" the page product 2 is called called Time : ۱۴۰۳/۲/۲۴ / ۲۲:۵۸:۴۱"}
{"level":"info","message":"the API : https://api.takgeneral.com/product-detail/2/ is called Time : ۱۴۰۳/۲/۲۴ / ۲۲:۵۸:۴۱"}
{"level":"info","message":"the API : https://api.takgeneral.com/all-categories/ is called Time : ۱۴۰۳/۲/۲۴ / ۲۲:۵۸:۴۱"}
{"level":"info","message":"the API : https://api.takgeneral.com/product-detail/2/ is called Time : ۱۴۰۳/۲/۲۴ / ۲۲:۵۸:۴۱"}
{"level":"info","message":" the page layout is called called Time : ۱۴۰۳/۲/۲۴ / ۲۲:۵۸:۴۱"}
{"level":"info","message":" the page product 2 is called called Time : ۱۴۰۳/۲/۲۴ / ۲۲:۵۸:۴۱"}
{"level":"info","message":" the page layout is called called Time : ۱۴۰۳/۲/۲۴ / ۲۲:۵۸:۴۱"}
{"level":"info","message":"the API : https://api.takgeneral.com/product-detail/2/ is called Time : ۱۴۰۳/۲/۲۴ / ۲۲:۵۹:۰۶"}
{"level":"info","message":"the API : https://api.takgeneral.com/all-categories/ is called Time : ۱۴۰۳/۲/۲۴ / ۲۲:۵۹:۰۶"}
{"level":"info","message":"the API : https://api.takgeneral.com/product-detail/2/ is called Time : ۱۴۰۳/۲/۲۴ / ۲۲:۵۹:۰۶"}
{"level":"info","message":" the page product 2 is called called Time : ۱۴۰۳/۲/۲۴ / ۲۲:۵۹:۰۶"}
{"level":"info","message":" the page layout is called called Time : ۱۴۰۳/۲/۲۴ / ۲۲:۵۹:۰۶"}
{"level":"info","message":"the API : https://api.takgeneral.com/product-detail/2/ is called Time : ۱۴۰۳/۲/۲۴ / ۲۳:۰۱:۱۶"}
{"level":"info","message":"the API : https://api.takgeneral.com/all-categories/ is called Time : ۱۴۰۳/۲/۲۴ / ۲۳:۰۱:۱۶"}
{"level":"info","message":"the API : https://api.takgeneral.com/product-detail/2/ is called Time : ۱۴۰۳/۲/۲۴ / ۲۳:۰۱:۱۶"}
{"level":"info","message":" the page product 2 is called called Time : ۱۴۰۳/۲/۲۴ / ۲۳:۰۱:۱۶"}
{"level":"info","message":" the page layout is called called Time : ۱۴۰۳/۲/۲۴ / ۲۳:۰۱:۱۶"}
{"level":"info","message":"the API : https://api.takgeneral.com/product-detail/2/ is called Time : ۱۴۰۳/۲/۲۴ / ۲۳:۰۱:۳۰"}
{"level":"info","message":"the API : https://api.takgeneral.com/all-categories/ is called Time : ۱۴۰۳/۲/۲۴ / ۲۳:۰۱:۳۰"}
{"level":"info","message":"the API : https://api.takgeneral.com/product-detail/2/ is called Time : ۱۴۰۳/۲/۲۴ / ۲۳:۰۱:۳۰"}
{"level":"info","message":" the page product 2 is called called Time : ۱۴۰۳/۲/۲۴ / ۲۳:۰۱:۳۰"}
{"level":"info","message":" the page layout is called called Time : ۱۴۰۳/۲/۲۴ / ۲۳:۰۱:۳۰"}
{"level":"info","message":"the API : https://api.takgeneral.com/product-detail/2/ is called Time : ۱۴۰۳/۲/۲۴ / ۲۳:۰۱:۴۹"}
{"level":"info","message":"the API : https://api.takgeneral.com/all-categories/ is called Time : ۱۴۰۳/۲/۲۴ / ۲۳:۰۱:۴۹"}
{"level":"info","message":"the API : https://api.takgeneral.com/product-detail/2/ is called Time : ۱۴۰۳/۲/۲۴ / ۲۳:۰۱:۴۹"}
{"level":"info","message":" the page product 2 is called called Time : ۱۴۰۳/۲/۲۴ / ۲۳:۰۱:۴۹"}
{"level":"info","message":" the page layout is called called Time : ۱۴۰۳/۲/۲۴ / ۲۳:۰۱:۴۹"}
{"level":"info","message":"the API : https://api.takgeneral.com/product-detail/2/ is called Time : ۱۴۰۳/۲/۲۴ / ۲۳:۰۸:۴۱"}
{"level":"info","message":"the API : https://api.takgeneral.com/all-categories/ is called Time : ۱۴۰۳/۲/۲۴ / ۲۳:۰۸:۴۱"}
{"level":"info","message":"the API : https://api.takgeneral.com/product-detail/2/ is called Time : ۱۴۰۳/۲/۲۴ / ۲۳:۰۸:۴۱"}
{"level":"info","message":" the page product 2 is called called Time : ۱۴۰۳/۲/۲۴ / ۲۳:۰۸:۴۲"}
{"level":"info","message":" the page layout is called called Time : ۱۴۰۳/۲/۲۴ / ۲۳:۰۸:۴۲"}
{"level":"info","message":"the API : https://api.takgeneral.com/product-detail/2/ is called Time : ۱۴۰۳/۲/۲۴ / ۲۳:۰۸:۵۲"}
{"level":"info","message":"the API : https://api.takgeneral.com/all-categories/ is called Time : ۱۴۰۳/۲/۲۴ / ۲۳:۰۸:۵۲"}
{"level":"info","message":"the API : https://api.takgeneral.com/product-detail/2/ is called Time : ۱۴۰۳/۲/۲۴ / ۲۳:۰۸:۵۲"}
{"level":"info","message":" the page product 2 is called called Time : ۱۴۰۳/۲/۲۴ / ۲۳:۰۸:۵۲"}
{"level":"info","message":" the page layout is called called Time : ۱۴۰۳/۲/۲۴ / ۲۳:۰۸:۵۲"}
{"level":"info","message":"the API : https://api.takgeneral.com/product-detail/2/ is called Time : ۱۴۰۳/۲/۲۴ / ۲۳:۰۹:۴۰"}
{"level":"info","message":"the API : https://api.takgeneral.com/all-categories/ is called Time : ۱۴۰۳/۲/۲۴ / ۲۳:۰۹:۴۰"}
{"level":"info","message":"the API : https://api.takgeneral.com/product-detail/2/ is called Time : ۱۴۰۳/۲/۲۴ / ۲۳:۰۹:۴۱"}
{"level":"info","message":" the page layout is called called Time : ۱۴۰۳/۲/۲۴ / ۲۳:۰۹:۴۱"}
{"level":"info","message":" the page product 2 is called called Time : ۱۴۰۳/۲/۲۴ / ۲۳:۰۹:۴۱"}
{"level":"info","message":"the API : https://api.takgeneral.com/product-detail/2/ is called Time : ۱۴۰۳/۲/۲۴ / ۲۳:۰۹:۴۸"}
{"level":"info","message":"the API : https://api.takgeneral.com/all-categories/ is called Time : ۱۴۰۳/۲/۲۴ / ۲۳:۰۹:۴۸"}
{"level":"info","message":"the API : https://api.takgeneral.com/product-detail/2/ is called Time : ۱۴۰۳/۲/۲۴ / ۲۳:۰۹:۴۸"}
{"level":"info","message":" the page product 2 is called called Time : ۱۴۰۳/۲/۲۴ / ۲۳:۰۹:۴۹"}
{"level":"info","message":" the page layout is called called Time : ۱۴۰۳/۲/۲۴ / ۲۳:۰۹:۴۹"}
{"level":"info","message":"the API : https://api.takgeneral.com/product-detail/2/ is called Time : ۱۴۰۳/۲/۲۴ / ۲۳:۰۹:۴۹"}
{"level":"info","message":"the API : https://api.takgeneral.com/all-categories/ is called Time : ۱۴۰۳/۲/۲۴ / ۲۳:۰۹:۴۹"}
{"level":"info","message":"the API : https://api.takgeneral.com/product-detail/2/ is called Time : ۱۴۰۳/۲/۲۴ / ۲۳:۰۹:۴۹"}
{"level":"info","message":" the page product 2 is called called Time : ۱۴۰۳/۲/۲۴ / ۲۳:۰۹:۴۹"}
{"level":"info","message":" the page layout is called called Time : ۱۴۰۳/۲/۲۴ / ۲۳:۰۹:۴۹"}
{"level":"info","message":"the API : https://api.takgeneral.com/product-detail/2/ is called Time : ۱۴۰۳/۲/۲۴ / ۲۳:۱۰:۴۱"}
{"level":"info","message":"the API : https://api.takgeneral.com/all-categories/ is called Time : ۱۴۰۳/۲/۲۴ / ۲۳:۱۰:۴۱"}
{"level":"info","message":"the API : https://api.takgeneral.com/product-detail/2/ is called Time : ۱۴۰۳/۲/۲۴ / ۲۳:۱۰:۴۱"}
{"level":"info","message":" the page product 2 is called called Time : ۱۴۰۳/۲/۲۴ / ۲۳:۱۰:۴۱"}
{"level":"info","message":" the page layout is called called Time : ۱۴۰۳/۲/۲۴ / ۲۳:۱۰:۴۱"}
{"level":"info","message":"the API : https://api.takgeneral.com/product-detail/2/ is called Time : ۱۴۰۳/۲/۲۴ / ۲۳:۲۶:۴۹"}
{"level":"info","message":"the API : https://api.takgeneral.com/all-categories/ is called Time : ۱۴۰۳/۲/۲۴ / ۲۳:۲۶:۴۹"}
{"level":"info","message":"the API : https://api.takgeneral.com/product-detail/2/ is called Time : ۱۴۰۳/۲/۲۴ / ۲۳:۲۶:۴۹"}
{"level":"info","message":" the page product 2 is called called Time : ۱۴۰۳/۲/۲۴ / ۲۳:۲۶:۴۹"}
{"level":"info","message":" the page layout is called called Time : ۱۴۰۳/۲/۲۴ / ۲۳:۲۶:۴۹"}
{"level":"info","message":"the API : https://api.takgeneral.com/product-detail/2/ is called Time : ۱۴۰۳/۲/۲۴ / ۲۳:۲۹:۴۳"}
{"level":"info","message":"the API : https://api.takgeneral.com/all-categories/ is called Time : ۱۴۰۳/۲/۲۴ / ۲۳:۲۹:۴۳"}
{"level":"info","message":"the API : https://api.takgeneral.com/product-detail/2/ is called Time : ۱۴۰۳/۲/۲۴ / ۲۳:۲۹:۴۳"}
{"level":"info","message":" the page product 2 is called called Time : ۱۴۰۳/۲/۲۴ / ۲۳:۲۹:۴۴"}
{"level":"info","message":" the page layout is called called Time : ۱۴۰۳/۲/۲۴ / ۲۳:۲۹:۴۴"}
{"level":"info","message":"the API : https://api.takgeneral.com/product-detail/2/ is called Time : ۱۴۰۳/۲/۲۴ / ۲۳:۳۶:۰۷"}
{"level":"info","message":"the API : https://api.takgeneral.com/all-categories/ is called Time : ۱۴۰۳/۲/۲۴ / ۲۳:۳۶:۰۷"}
{"level":"info","message":"the API : https://api.takgeneral.com/product-detail/2/ is called Time : ۱۴۰۳/۲/۲۴ / ۲۳:۳۶:۰۷"}
{"level":"info","message":" the page product 2 is called called Time : ۱۴۰۳/۲/۲۴ / ۲۳:۳۶:۰۷"}
{"level":"info","message":" the page layout is called called Time : ۱۴۰۳/۲/۲۴ / ۲۳:۳۶:۰۷"}
{"level":"info","message":"the API : https://api.takgeneral.com/product-detail/2/ is called Time : ۱۴۰۳/۲/۲۴ / ۲۳:۳۶:۴۲"}
{"level":"info","message":"the API : https://api.takgeneral.com/all-categories/ is called Time : ۱۴۰۳/۲/۲۴ / ۲۳:۳۶:۴۲"}
{"level":"info","message":"the API : https://api.takgeneral.com/product-detail/2/ is called Time : ۱۴۰۳/۲/۲۴ / ۲۳:۳۶:۴۲"}
{"level":"info","message":" the page layout is called called Time : ۱۴۰۳/۲/۲۴ / ۲۳:۳۶:۴۲"}
{"level":"info","message":" the page product 2 is called called Time : ۱۴۰۳/۲/۲۴ / ۲۳:۳۶:۴۲"}
{"level":"info","message":"the API : https://api.takgeneral.com/product-detail/2/ is called Time : ۱۴۰۳/۲/۲۴ / ۲۳:۳۷:۰۳"}
{"level":"info","message":"the API : https://api.takgeneral.com/all-categories/ is called Time : ۱۴۰۳/۲/۲۴ / ۲۳:۳۷:۰۳"}
{"level":"info","message":"the API : https://api.takgeneral.com/product-detail/2/ is called Time : ۱۴۰۳/۲/۲۴ / ۲۳:۳۷:۰۳"}
{"level":"info","message":" the page product 2 is called called Time : ۱۴۰۳/۲/۲۴ / ۲۳:۳۷:۰۳"}
{"level":"info","message":" the page layout is called called Time : ۱۴۰۳/۲/۲۴ / ۲۳:۳۷:۰۳"}
{"level":"info","message":"the API : https://api.takgeneral.com/product-detail/2/ is called Time : ۱۴۰۳/۲/۲۴ / ۲۳:۳۷:۲۳"}
{"level":"info","message":"the API : https://api.takgeneral.com/all-categories/ is called Time : ۱۴۰۳/۲/۲۴ / ۲۳:۳۷:۲۳"}
{"level":"info","message":"the API : https://api.takgeneral.com/product-detail/2/ is called Time : ۱۴۰۳/۲/۲۴ / ۲۳:۳۷:۲۳"}
{"level":"info","message":" the page product 2 is called called Time : ۱۴۰۳/۲/۲۴ / ۲۳:۳۷:۲۳"}
{"level":"info","message":" the page layout is called called Time : ۱۴۰۳/۲/۲۴ / ۲۳:۳۷:۲۳"}
{"level":"info","message":"the API : https://api.takgeneral.com/product-detail/2/ is called Time : ۱۴۰۳/۲/۲۴ / ۲۳:۴۰:۱۴"}
{"level":"info","message":"the API : https://api.takgeneral.com/all-categories/ is called Time : ۱۴۰۳/۲/۲۴ / ۲۳:۴۰:۱۴"}
{"level":"info","message":"the API : https://api.takgeneral.com/product-detail/2/ is called Time : ۱۴۰۳/۲/۲۴ / ۲۳:۴۰:۱۴"}
{"level":"info","message":" the page product 2 is called called Time : ۱۴۰۳/۲/۲۴ / ۲۳:۴۰:۱۴"}
{"level":"info","message":" the page layout is called called Time : ۱۴۰۳/۲/۲۴ / ۲۳:۴۰:۱۴"}
{"level":"info","message":"the API : https://api.takgeneral.com/product-detail/2/ is called Time : ۱۴۰۳/۲/۲۴ / ۲۳:۴۰:۲۸"}
{"level":"info","message":"the API : https://api.takgeneral.com/all-categories/ is called Time : ۱۴۰۳/۲/۲۴ / ۲۳:۴۰:۲۸"}
{"level":"info","message":"the API : https://api.takgeneral.com/product-detail/2/ is called Time : ۱۴۰۳/۲/۲۴ / ۲۳:۴۰:۲۸"}
{"level":"info","message":" the page product 2 is called called Time : ۱۴۰۳/۲/۲۴ / ۲۳:۴۰:۲۸"}
{"level":"info","message":" the page layout is called called Time : ۱۴۰۳/۲/۲۴ / ۲۳:۴۰:۲۸"}
{"level":"info","message":"the API : https://api.takgeneral.com/product-detail/2/ is called Time : ۱۴۰۳/۲/۲۴ / ۲۳:۴۰:۳۲"}
{"level":"info","message":"the API : https://api.takgeneral.com/all-categories/ is called Time : ۱۴۰۳/۲/۲۴ / ۲۳:۴۰:۳۲"}
{"level":"info","message":"the API : https://api.takgeneral.com/product-detail/2/ is called Time : ۱۴۰۳/۲/۲۴ / ۲۳:۴۰:۳۲"}
{"level":"info","message":" the page product 2 is called called Time : ۱۴۰۳/۲/۲۴ / ۲۳:۴۰:۳۲"}
{"level":"info","message":" the page layout is called called Time : ۱۴۰۳/۲/۲۴ / ۲۳:۴۰:۳۲"}
{"level":"info","message":"the API : https://api.takgeneral.com/product-detail/2/ is called Time : ۱۴۰۳/۲/۲۴ / ۲۳:۴۰:۳۳"}
{"level":"info","message":"the API : https://api.takgeneral.com/all-categories/ is called Time : ۱۴۰۳/۲/۲۴ / ۲۳:۴۰:۳۳"}
{"level":"info","message":"the API : https://api.takgeneral.com/product-detail/2/ is called Time : ۱۴۰۳/۲/۲۴ / ۲۳:۴۰:۳۳"}
{"level":"info","message":" the page product 2 is called called Time : ۱۴۰۳/۲/۲۴ / ۲۳:۴۰:۳۳"}
{"level":"info","message":" the page layout is called called Time : ۱۴۰۳/۲/۲۴ / ۲۳:۴۰:۳۳"}
{"level":"info","message":"the API : https://api.takgeneral.com/product-detail/2/ is called Time : ۱۴۰۳/۲/۲۴ / ۲۳:۴۶:۱۱"}
{"level":"info","message":"the API : https://api.takgeneral.com/all-categories/ is called Time : ۱۴۰۳/۲/۲۴ / ۲۳:۴۶:۱۱"}
{"level":"info","message":"the API : https://api.takgeneral.com/product-detail/2/ is called Time : ۱۴۰۳/۲/۲۴ / ۲۳:۴۶:۱۱"}
{"level":"info","message":" the page product 2 is called called Time : ۱۴۰۳/۲/۲۴ / ۲۳:۴۶:۱۱"}
{"level":"info","message":" the page layout is called called Time : ۱۴۰۳/۲/۲۴ / ۲۳:۴۶:۱۱"}
{"level":"info","message":"the API : https://api.takgeneral.com/product-detail/2/ is called Time : ۱۴۰۳/۲/۲۴ / ۲۳:۴۶:۳۶"}
{"level":"info","message":"the API : https://api.takgeneral.com/all-categories/ is called Time : ۱۴۰۳/۲/۲۴ / ۲۳:۴۶:۳۶"}
{"level":"info","message":"the API : https://api.takgeneral.com/product-detail/2/ is called Time : ۱۴۰۳/۲/۲۴ / ۲۳:۴۶:۳۶"}
{"level":"info","message":" the page product 2 is called called Time : ۱۴۰۳/۲/۲۴ / ۲۳:۴۶:۳۶"}
{"level":"info","message":" the page layout is called called Time : ۱۴۰۳/۲/۲۴ / ۲۳:۴۶:۳۶"}
{"level":"info","message":"the API : https://api.takgeneral.com/product-detail/2/ is called Time : ۱۴۰۳/۲/۲۴ / ۲۳:۴۷:۲۳"}
{"level":"info","message":"the API : https://api.takgeneral.com/all-categories/ is called Time : ۱۴۰۳/۲/۲۴ / ۲۳:۴۷:۲۳"}
{"level":"info","message":"the API : https://api.takgeneral.com/product-detail/2/ is called Time : ۱۴۰۳/۲/۲۴ / ۲۳:۴۷:۲۳"}
{"level":"info","message":" the page product 2 is called called Time : ۱۴۰۳/۲/۲۴ / ۲۳:۴۷:۲۳"}
{"level":"info","message":" the page layout is called called Time : ۱۴۰۳/۲/۲۴ / ۲۳:۴۷:۲۳"}
{"level":"info","message":"the API : https://api.takgeneral.com/product-detail/2/ is called Time : ۱۴۰۳/۲/۲۴ / ۲۳:۴۷:۴۷"}
{"level":"info","message":"the API : https://api.takgeneral.com/all-categories/ is called Time : ۱۴۰۳/۲/۲۴ / ۲۳:۴۷:۴۷"}
{"level":"info","message":"the API : https://api.takgeneral.com/product-detail/2/ is called Time : ۱۴۰۳/۲/۲۴ / ۲۳:۴۷:۴۷"}
{"level":"info","message":" the page product 2 is called called Time : ۱۴۰۳/۲/۲۴ / ۲۳:۴۷:۴۷"}
{"level":"info","message":" the page layout is called called Time : ۱۴۰۳/۲/۲۴ / ۲۳:۴۷:۴۸"}
{"level":"info","message":"the API : https://api.takgeneral.com/product-detail/2/ is called Time : ۱۴۰۳/۲/۲۴ / ۲۳:۴۸:۰۳"}
{"level":"info","message":"the API : https://api.takgeneral.com/all-categories/ is called Time : ۱۴۰۳/۲/۲۴ / ۲۳:۴۸:۰۳"}
{"level":"info","message":"the API : https://api.takgeneral.com/product-detail/2/ is called Time : ۱۴۰۳/۲/۲۴ / ۲۳:۴۸:۰۳"}
{"level":"info","message":" the page product 2 is called called Time : ۱۴۰۳/۲/۲۴ / ۲۳:۴۸:۰۳"}
{"level":"info","message":" the page layout is called called Time : ۱۴۰۳/۲/۲۴ / ۲۳:۴۸:۰۳"}
{"level":"info","message":"the API : https://api.takgeneral.com/product-detail/2/ is called Time : ۱۴۰۳/۲/۲۴ / ۲۳:۴۸:۱۴"}
{"level":"info","message":"the API : https://api.takgeneral.com/all-categories/ is called Time : ۱۴۰۳/۲/۲۴ / ۲۳:۴۸:۱۴"}
{"level":"info","message":"the API : https://api.takgeneral.com/product-detail/2/ is called Time : ۱۴۰۳/۲/۲۴ / ۲۳:۴۸:۱۴"}
{"level":"info","message":" the page product 2 is called called Time : ۱۴۰۳/۲/۲۴ / ۲۳:۴۸:۱۴"}
{"level":"info","message":" the page layout is called called Time : ۱۴۰۳/۲/۲۴ / ۲۳:۴۸:۱۵"}
{"level":"info","message":"the API : https://api.takgeneral.com/product-detail/2/ is called Time : ۱۴۰۳/۲/۲۴ / ۲۳:۴۸:۲۴"}
{"level":"info","message":"the API : https://api.takgeneral.com/all-categories/ is called Time : ۱۴۰۳/۲/۲۴ / ۲۳:۴۸:۲۴"}
{"level":"info","message":"the API : https://api.takgeneral.com/product-detail/2/ is called Time : ۱۴۰۳/۲/۲۴ / ۲۳:۴۸:۲۴"}
{"level":"info","message":" the page product 2 is called called Time : ۱۴۰۳/۲/۲۴ / ۲۳:۴۸:۲۴"}
{"level":"info","message":" the page layout is called called Time : ۱۴۰۳/۲/۲۴ / ۲۳:۴۸:۲۴"}
{"level":"info","message":"the API : https://api.takgeneral.com/product-detail/2/ is called Time : ۱۴۰۳/۲/۲۴ / ۲۳:۵۰:۱۹"}
{"level":"info","message":"the API : https://api.takgeneral.com/all-categories/ is called Time : ۱۴۰۳/۲/۲۴ / ۲۳:۵۰:۱۹"}
{"level":"info","message":"the API : https://api.takgeneral.com/product-detail/2/ is called Time : ۱۴۰۳/۲/۲۴ / ۲۳:۵۰:۱۹"}
{"level":"info","message":" the page product 2 is called called Time : ۱۴۰۳/۲/۲۴ / ۲۳:۵۰:۱۹"}
{"level":"info","message":" the page layout is called called Time : ۱۴۰۳/۲/۲۴ / ۲۳:۵۰:۱۹"}
{"level":"info","message":"the API : https://api.takgeneral.com/product-detail/2/ is called Time : ۱۴۰۳/۲/۲۵ / ۰:۰۰:۵۱"}
{"level":"info","message":"the API : https://api.takgeneral.com/all-categories/ is called Time : ۱۴۰۳/۲/۲۵ / ۰:۰۰:۵۱"}
{"level":"info","message":"the API : https://api.takgeneral.com/product-detail/2/ is called Time : ۱۴۰۳/۲/۲۵ / ۰:۰۰:۵۱"}
{"level":"info","message":"the API : https://api.takgeneral.com/product-detail/2/ is called Time : ۱۴۰۳/۲/۲۵ / ۰:۰۰:۵۲"}
{"level":"info","message":"the API : https://api.takgeneral.com/all-categories/ is called Time : ۱۴۰۳/۲/۲۵ / ۰:۰۰:۵۲"}
{"level":"info","message":"the API : https://api.takgeneral.com/product-detail/2/ is called Time : ۱۴۰۳/۲/۲۵ / ۰:۰۰:۵۲"}
{"level":"info","message":" the page layout is called called Time : ۱۴۰۳/۲/۲۵ / ۰:۰۰:۵۲"}
{"level":"info","message":" the page product 2 is called called Time : ۱۴۰۳/۲/۲۵ / ۰:۰۰:۵۲"}
{"level":"info","message":" the page product 2 is called called Time : ۱۴۰۳/۲/۲۵ / ۰:۰۰:۵۲"}
{"level":"info","message":" the page layout is called called Time : ۱۴۰۳/۲/۲۵ / ۰:۰۰:۵۲"}
{"level":"info","message":"the API : https://api.takgeneral.com/product-detail/2/ is called Time : ۱۴۰۳/۲/۲۵ / ۰:۰۱:۳۰"}
{"level":"info","message":"the API : https://api.takgeneral.com/all-categories/ is called Time : ۱۴۰۳/۲/۲۵ / ۰:۰۱:۳۰"}
{"level":"info","message":"the API : https://api.takgeneral.com/product-detail/2/ is called Time : ۱۴۰۳/۲/۲۵ / ۰:۰۱:۳۰"}
{"level":"info","message":" the page product 2 is called called Time : ۱۴۰۳/۲/۲۵ / ۰:۰۱:۳۱"}
{"level":"info","message":" the page layout is called called Time : ۱۴۰۳/۲/۲۵ / ۰:۰۱:۳۱"}
{"level":"info","message":"the API : https://api.takgeneral.com/product-detail/2/ is called Time : ۱۴۰۳/۲/۲۵ / ۰:۰۲:۲۹"}
{"level":"info","message":"the API : https://api.takgeneral.com/all-categories/ is called Time : ۱۴۰۳/۲/۲۵ / ۰:۰۲:۲۹"}
{"level":"info","message":"the API : https://api.takgeneral.com/product-detail/2/ is called Time : ۱۴۰۳/۲/۲۵ / ۰:۰۲:۲۹"}
{"level":"info","message":" the page product 2 is called called Time : ۱۴۰۳/۲/۲۵ / ۰:۰۲:۲۹"}
{"level":"info","message":" the page layout is called called Time : ۱۴۰۳/۲/۲۵ / ۰:۰۲:۲۹"}
{"level":"info","message":"the API : https://api.takgeneral.com/product-detail/2/ is called Time : ۱۴۰۳/۲/۲۵ / ۰:۱۳:۵۱"}
{"level":"info","message":"the API : https://api.takgeneral.com/all-categories/ is called Time : ۱۴۰۳/۲/۲۵ / ۰:۱۳:۵۱"}
{"level":"info","message":"the API : https://api.takgeneral.com/product-detail/2/ is called Time : ۱۴۰۳/۲/۲۵ / ۰:۱۳:۵۱"}
{"level":"info","message":" the page product 2 is called called Time : ۱۴۰۳/۲/۲۵ / ۰:۱۳:۵۱"}
{"level":"info","message":" the page layout is called called Time : ۱۴۰۳/۲/۲۵ / ۰:۱۳:۵۱"}
{"level":"info","message":"the API : https://api.takgeneral.com/product-detail/2/ is called Time : ۱۴۰۳/۲/۲۵ / ۰:۱۴:۱۶"}
{"level":"info","message":"the API : https://api.takgeneral.com/all-categories/ is called Time : ۱۴۰۳/۲/۲۵ / ۰:۱۴:۱۶"}
{"level":"info","message":"the API : https://api.takgeneral.com/product-detail/2/ is called Time : ۱۴۰۳/۲/۲۵ / ۰:۱۴:۱۶"}
{"level":"info","message":" the page product 2 is called called Time : ۱۴۰۳/۲/۲۵ / ۰:۱۴:۱۶"}
{"level":"info","message":" the page layout is called called Time : ۱۴۰۳/۲/۲۵ / ۰:۱۴:۱۶"}
{"level":"info","message":"the API : https://api.takgeneral.com/product-detail/2/ is called Time : ۱۴۰۳/۲/۲۵ / ۰:۱۴:۴۱"}
{"level":"info","message":"the API : https://api.takgeneral.com/all-categories/ is called Time : ۱۴۰۳/۲/۲۵ / ۰:۱۴:۴۱"}
{"level":"info","message":"the API : https://api.takgeneral.com/product-detail/2/ is called Time : ۱۴۰۳/۲/۲۵ / ۰:۱۴:۴۱"}
{"level":"info","message":" the page product 2 is called called Time : ۱۴۰۳/۲/۲۵ / ۰:۱۴:۴۱"}
{"level":"info","message":" the page layout is called called Time : ۱۴۰۳/۲/۲۵ / ۰:۱۴:۴۱"}
{"level":"info","message":"the API : https://api.takgeneral.com/product-detail/2/ is called Time : ۱۴۰۳/۲/۲۵ / ۰:۱۶:۲۱"}
{"level":"info","message":"the API : https://api.takgeneral.com/all-categories/ is called Time : ۱۴۰۳/۲/۲۵ / ۰:۱۶:۲۱"}
{"level":"info","message":"the API : https://api.takgeneral.com/product-detail/2/ is called Time : ۱۴۰۳/۲/۲۵ / ۰:۱۶:۲۱"}
{"level":"info","message":" the page product 2 is called called Time : ۱۴۰۳/۲/۲۵ / ۰:۱۶:۲۱"}
{"level":"info","message":" the page layout is called called Time : ۱۴۰۳/۲/۲۵ / ۰:۱۶:۲۱"}
{"level":"info","message":"the API : https://api.takgeneral.com/product-detail/2/ is called Time : ۱۴۰۳/۲/۲۵ / ۰:۱۷:۱۹"}
{"level":"info","message":"the API : https://api.takgeneral.com/all-categories/ is called Time : ۱۴۰۳/۲/۲۵ / ۰:۱۷:۱۹"}
{"level":"info","message":"the API : https://api.takgeneral.com/product-detail/2/ is called Time : ۱۴۰۳/۲/۲۵ / ۰:۱۷:۱۹"}
{"level":"info","message":"the API : https://api.takgeneral.com/product-detail/2/ is called Time : ۱۴۰۳/۲/۲۵ / ۰:۱۷:۲۰"}
{"level":"info","message":"the API : https://api.takgeneral.com/all-categories/ is called Time : ۱۴۰۳/۲/۲۵ / ۰:۱۷:۲۰"}
{"level":"info","message":"the API : https://api.takgeneral.com/product-detail/2/ is called Time : ۱۴۰۳/۲/۲۵ / ۰:۱۷:۲۰"}
{"level":"info","message":" the page product 2 is called called Time : ۱۴۰۳/۲/۲۵ / ۰:۱۷:۲۰"}
{"level":"info","message":" the page layout is called called Time : ۱۴۰۳/۲/۲۵ / ۰:۱۷:۲۰"}
{"level":"info","message":" the page product 2 is called called Time : ۱۴۰۳/۲/۲۵ / ۰:۱۷:۲۰"}
{"level":"info","message":" the page layout is called called Time : ۱۴۰۳/۲/۲۵ / ۰:۱۷:۲۰"}
{"level":"info","message":"the API : https://api.takgeneral.com/product-detail/2/ is called Time : ۱۴۰۳/۲/۲۵ / ۰:۱۷:۲۰"}
{"level":"info","message":"the API : https://api.takgeneral.com/all-categories/ is called Time : ۱۴۰۳/۲/۲۵ / ۰:۱۷:۲۰"}
{"level":"info","message":"the API : https://api.takgeneral.com/product-detail/2/ is called Time : ۱۴۰۳/۲/۲۵ / ۰:۱۷:۲۰"}
{"level":"info","message":" the page product 2 is called called Time : ۱۴۰۳/۲/۲۵ / ۰:۱۷:۲۰"}
{"level":"info","message":" the page layout is called called Time : ۱۴۰۳/۲/۲۵ / ۰:۱۷:۲۰"}
{"level":"info","message":"the API : https://api.takgeneral.com/product-detail/2/ is called Time : ۱۴۰۳/۲/۲۵ / ۰:۱۷:۲۸"}
{"level":"info","message":"the API : https://api.takgeneral.com/all-categories/ is called Time : ۱۴۰۳/۲/۲۵ / ۰:۱۷:۲۸"}
{"level":"info","message":"the API : https://api.takgeneral.com/product-detail/2/ is called Time : ۱۴۰۳/۲/۲۵ / ۰:۱۷:۲۸"}
{"level":"info","message":" the page product 2 is called called Time : ۱۴۰۳/۲/۲۵ / ۰:۱۷:۲۸"}
{"level":"info","message":" the page layout is called called Time : ۱۴۰۳/۲/۲۵ / ۰:۱۷:۲۹"}
{"level":"info","message":"the API : https://api.takgeneral.com/product-detail/2/ is called Time : ۱۴۰۳/۲/۲۵ / ۰:۱۷:۵۶"}
{"level":"info","message":"the API : https://api.takgeneral.com/all-categories/ is called Time : ۱۴۰۳/۲/۲۵ / ۰:۱۷:۵۶"}
{"level":"info","message":"the API : https://api.takgeneral.com/product-detail/2/ is called Time : ۱۴۰۳/۲/۲۵ / ۰:۱۷:۵۶"}
{"level":"info","message":" the page product 2 is called called Time : ۱۴۰۳/۲/۲۵ / ۰:۱۷:۵۶"}
{"level":"info","message":" the page layout is called called Time : ۱۴۰۳/۲/۲۵ / ۰:۱۷:۵۶"}
{"level":"info","message":"the API : https://api.takgeneral.com/product-detail/2/ is called Time : ۱۴۰۳/۲/۲۵ / ۰:۱۸:۰۶"}
{"level":"info","message":"the API : https://api.takgeneral.com/all-categories/ is called Time : ۱۴۰۳/۲/۲۵ / ۰:۱۸:۰۶"}
{"level":"info","message":"the API : https://api.takgeneral.com/product-detail/2/ is called Time : ۱۴۰۳/۲/۲۵ / ۰:۱۸:۰۶"}
{"level":"info","message":" the page layout is called called Time : ۱۴۰۳/۲/۲۵ / ۰:۱۸:۰۷"}
{"level":"info","message":" the page product 2 is called called Time : ۱۴۰۳/۲/۲۵ / ۰:۱۸:۰۷"}
{"level":"info","message":"the API : https://api.takgeneral.com/product-detail/2/ is called Time : ۱۴۰۳/۲/۲۵ / ۰:۱۹:۵۹"}
{"level":"info","message":"the API : https://api.takgeneral.com/all-categories/ is called Time : ۱۴۰۳/۲/۲۵ / ۰:۱۹:۵۹"}
{"level":"info","message":"the API : https://api.takgeneral.com/product-detail/2/ is called Time : ۱۴۰۳/۲/۲۵ / ۰:۱۹:۵۹"}
{"level":"info","message":" the page layout is called called Time : ۱۴۰۳/۲/۲۵ / ۰:۲۰:۰۰"}
{"level":"info","message":" the page product 2 is called called Time : ۱۴۰۳/۲/۲۵ / ۰:۲۰:۰۰"}
{"level":"info","message":"the API : https://api.takgeneral.com/product-detail/2/ is called Time : ۱۴۰۳/۲/۲۵ / ۰:۲۲:۲۸"}
{"level":"info","message":"the API : https://api.takgeneral.com/all-categories/ is called Time : ۱۴۰۳/۲/۲۵ / ۰:۲۲:۲۸"}
{"level":"info","message":"the API : https://api.takgeneral.com/product-detail/2/ is called Time : ۱۴۰۳/۲/۲۵ / ۰:۲۲:۲۸"}
{"level":"info","message":"the API : https://api.takgeneral.com/all-categories/ is called Time : ۱۴۰۳/۲/۲۵ / ۰:۲۲:۲۸"}
{"level":"info","message":"the API : https://api.takgeneral.com/product-detail/2/ is called Time : ۱۴۰۳/۲/۲۵ / ۰:۲۲:۲۸"}
{"level":"info","message":"the API : https://api.takgeneral.com/product-detail/2/ is called Time : ۱۴۰۳/۲/۲۵ / ۰:۲۲:۲۸"}
{"level":"info","message":" the page product 2 is called called Time : ۱۴۰۳/۲/۲۵ / ۰:۲۲:۲۸"}
{"level":"info","message":" the page layout is called called Time : ۱۴۰۳/۲/۲۵ / ۰:۲۲:۲۸"}
{"level":"info","message":" the page product 2 is called called Time : ۱۴۰۳/۲/۲۵ / ۰:۲۲:۲۸"}
{"level":"info","message":" the page layout is called called Time : ۱۴۰۳/۲/۲۵ / ۰:۲۲:۲۸"}
{"level":"info","message":"the API : https://api.takgeneral.com/product-detail/2/ is called Time : ۱۴۰۳/۲/۲۵ / ۰:۲۲:۲۹"}
{"level":"info","message":"the API : https://api.takgeneral.com/all-categories/ is called Time : ۱۴۰۳/۲/۲۵ / ۰:۲۲:۲۹"}
{"level":"info","message":"the API : https://api.takgeneral.com/product-detail/2/ is called Time : ۱۴۰۳/۲/۲۵ / ۰:۲۲:۲۹"}
{"level":"info","message":" the page product 2 is called called Time : ۱۴۰۳/۲/۲۵ / ۰:۲۲:۲۹"}
{"level":"info","message":" the page layout is called called Time : ۱۴۰۳/۲/۲۵ / ۰:۲۲:۲۹"}
{"level":"info","message":"the API : https://api.takgeneral.com/product-detail/2/ is called Time : ۱۴۰۳/۲/۲۵ / ۰:۲۳:۱۲"}
{"level":"info","message":"the API : https://api.takgeneral.com/all-categories/ is called Time : ۱۴۰۳/۲/۲۵ / ۰:۲۳:۱۲"}
{"level":"info","message":"the API : https://api.takgeneral.com/product-detail/2/ is called Time : ۱۴۰۳/۲/۲۵ / ۰:۲۳:۱۲"}
{"level":"info","message":" the page product 2 is called called Time : ۱۴۰۳/۲/۲۵ / ۰:۲۳:۱۳"}
{"level":"info","message":" the page layout is called called Time : ۱۴۰۳/۲/۲۵ / ۰:۲۳:۱۳"}
{"level":"info","message":"the API : https://api.takgeneral.com/product-detail/2/ is called Time : ۱۴۰۳/۲/۲۵ / ۰:۲۳:۲۷"}
{"level":"info","message":"the API : https://api.takgeneral.com/all-categories/ is called Time : ۱۴۰۳/۲/۲۵ / ۰:۲۳:۲۷"}
{"level":"info","message":"the API : https://api.takgeneral.com/product-detail/2/ is called Time : ۱۴۰۳/۲/۲۵ / ۰:۲۳:۲۷"}
{"level":"info","message":" the page product 2 is called called Time : ۱۴۰۳/۲/۲۵ / ۰:۲۳:۲۷"}
{"level":"info","message":" the page layout is called called Time : ۱۴۰۳/۲/۲۵ / ۰:۲۳:۲۸"}
{"level":"info","message":"the API : https://api.takgeneral.com/product-detail/2/ is called Time : ۱۴۰۳/۲/۲۵ / ۰:۲۳:۵۶"}
{"level":"info","message":"the API : https://api.takgeneral.com/all-categories/ is called Time : ۱۴۰۳/۲/۲۵ / ۰:۲۳:۵۶"}
{"level":"info","message":"the API : https://api.takgeneral.com/product-detail/2/ is called Time : ۱۴۰۳/۲/۲۵ / ۰:۲۳:۵۶"}
{"level":"info","message":"the API : https://api.takgeneral.com/product-detail/2/ is called Time : ۱۴۰۳/۲/۲۵ / ۰:۲۳:۵۶"}
{"level":"info","message":"the API : https://api.takgeneral.com/all-categories/ is called Time : ۱۴۰۳/۲/۲۵ / ۰:۲۳:۵۶"}
{"level":"info","message":"the API : https://api.takgeneral.com/product-detail/2/ is called Time : ۱۴۰۳/۲/۲۵ / ۰:۲۳:۵۶"}
{"level":"info","message":" the page product 2 is called called Time : ۱۴۰۳/۲/۲۵ / ۰:۲۳:۵۷"}
{"level":"info","message":" the page layout is called called Time : ۱۴۰۳/۲/۲۵ / ۰:۲۳:۵۷"}
{"level":"info","message":" the page product 2 is called called Time : ۱۴۰۳/۲/۲۵ / ۰:۲۳:۵۷"}
{"level":"info","message":" the page layout is called called Time : ۱۴۰۳/۲/۲۵ / ۰:۲۳:۵۸"}
{"level":"info","message":"the API : https://api.takgeneral.com/product-detail/2/ is called Time : ۱۴۰۳/۲/۲۵ / ۰:۲۴:۰۰"}
{"level":"info","message":"the API : https://api.takgeneral.com/all-categories/ is called Time : ۱۴۰۳/۲/۲۵ / ۰:۲۴:۰۰"}
{"level":"info","message":"the API : https://api.takgeneral.com/product-detail/2/ is called Time : ۱۴۰۳/۲/۲۵ / ۰:۲۴:۰۰"}
{"level":"info","message":" the page product 2 is called called Time : ۱۴۰۳/۲/۲۵ / ۰:۲۴:۰۰"}
{"level":"info","message":" the page layout is called called Time : ۱۴۰۳/۲/۲۵ / ۰:۲۴:۰۰"}
